2016-02-11 00:24:51,784 [Worker-88] INFO  o.e.m.c.i.l.LifecycleMappingFactory - Using org.eclipse.m2e.jdt.JarLifecycleMapping lifecycle mapping for MavenProject: 14_lazy_WithOut_ConfigFile:14_lazy_WithOut_ConfigFile:0.0.1-SNAPSHOT @ F:\Sriman\SpringAnnotation\14_lazy_WithOut_ConfigFile\pom.xml.
2016-02-11 00:24:57,620 [Worker-76] WARN  o.e.m.c.i.embedder.EclipseLogger - Using platform encoding (Cp1252 actually) to copy filtered resources, i.e. build is platform dependent!
2016-02-11 00:24:57,623 [Worker-76] INFO  o.e.m.c.i.embedder.EclipseLogger - skip non existing resourceDirectory F:\Sriman\SpringAnnotation\14_lazy_WithOut_ConfigFile\src\main\resources
2016-02-11 00:24:57,628 [Worker-76] WARN  o.e.m.c.i.embedder.EclipseLogger - Using platform encoding (Cp1252 actually) to copy filtered resources, i.e. build is platform dependent!
2016-02-11 00:24:57,630 [Worker-76] INFO  o.e.m.c.i.embedder.EclipseLogger - skip non existing resourceDirectory F:\Sriman\SpringAnnotation\14_lazy_WithOut_ConfigFile\src\test\resources
2016-02-11 00:24:57,672 [Worker-88] INFO  o.e.m.j.i.AbstractJavaProjectConfigurator - Adding source folder /14_lazy_WithOut_ConfigFile/src
2016-02-11 00:24:57,678 [Worker-88] INFO  o.e.m.j.i.AbstractJavaProjectConfigurator - Not adding source folder /14_lazy_WithOut_ConfigFile/src/test/java because it overlaps with /14_lazy_WithOut_ConfigFile/src
2016-02-11 00:24:58,388 [Worker-88] INFO  o.e.m.c.i.p.ProjectConfigurationManager - Update started
2016-02-11 00:24:58,776 [Worker-75] INFO  o.e.m.c.i.l.LifecycleMappingFactory - Using org.eclipse.m2e.jdt.JarLifecycleMapping lifecycle mapping for MavenProject: 14_lazy_WithOut_ConfigFile:14_lazy_WithOut_ConfigFile:0.0.1-SNAPSHOT @ F:\Sriman\SpringAnnotation\14_lazy_WithOut_ConfigFile\pom.xml.
2016-02-11 00:24:59,003 [Worker-75] WARN  o.e.m.c.i.embedder.EclipseLogger - Using platform encoding (Cp1252 actually) to copy filtered resources, i.e. build is platform dependent!
2016-02-11 00:24:59,005 [Worker-75] INFO  o.e.m.c.i.embedder.EclipseLogger - skip non existing resourceDirectory F:\Sriman\SpringAnnotation\14_lazy_WithOut_ConfigFile\src\main\resources
2016-02-11 00:24:59,007 [Worker-75] WARN  o.e.m.c.i.embedder.EclipseLogger - Using platform encoding (Cp1252 actually) to copy filtered resources, i.e. build is platform dependent!
2016-02-11 00:24:59,008 [Worker-75] INFO  o.e.m.c.i.embedder.EclipseLogger - skip non existing resourceDirectory F:\Sriman\SpringAnnotation\14_lazy_WithOut_ConfigFile\src\test\resources
2016-02-11 00:24:59,116 [Worker-88] INFO  o.e.m.c.i.l.LifecycleMappingFactory - Using org.eclipse.m2e.jdt.JarLifecycleMapping lifecycle mapping for MavenProject: 14_lazy_WithOut_ConfigFile:14_lazy_WithOut_ConfigFile:0.0.1-SNAPSHOT @ F:\Sriman\SpringAnnotation\14_lazy_WithOut_ConfigFile\pom.xml.
2016-02-11 00:24:59,405 [Worker-88] INFO  o.e.m.j.i.AbstractJavaProjectConfigurator - Adding source folder /14_lazy_WithOut_ConfigFile/src
2016-02-11 00:24:59,406 [Worker-88] INFO  o.e.m.j.i.AbstractJavaProjectConfigurator - Not adding source folder /14_lazy_WithOut_ConfigFile/src/test/java because it overlaps with /14_lazy_WithOut_ConfigFile/src
2016-02-11 00:24:59,795 [Worker-88] INFO  o.e.m.c.i.p.ProjectConfigurationManager - Update completed: 1 sec
2016-02-11 00:25:00,409 [Worker-76] WARN  o.e.m.c.i.embedder.EclipseLogger - Using platform encoding (Cp1252 actually) to copy filtered resources, i.e. build is platform dependent!
2016-02-11 00:25:00,410 [Worker-76] INFO  o.e.m.c.i.embedder.EclipseLogger - skip non existing resourceDirectory F:\Sriman\SpringAnnotation\14_lazy_WithOut_ConfigFile\src\main\resources
2016-02-11 00:25:00,413 [Worker-76] WARN  o.e.m.c.i.embedder.EclipseLogger - Using platform encoding (Cp1252 actually) to copy filtered resources, i.e. build is platform dependent!
2016-02-11 00:25:00,414 [Worker-76] INFO  o.e.m.c.i.embedder.EclipseLogger - skip non existing resourceDirectory F:\Sriman\SpringAnnotation\14_lazy_WithOut_ConfigFile\src\test\resources
2016-02-11 00:27:23,744 [Worker-84] WARN  o.e.m.c.i.embedder.EclipseLogger - Using platform encoding (Cp1252 actually) to copy filtered resources, i.e. build is platform dependent!
2016-02-11 00:27:23,746 [Worker-84] INFO  o.e.m.c.i.embedder.EclipseLogger - skip non existing resourceDirectory F:\Sriman\SpringAnnotation\14_lazy_WithOut_ConfigFile\src\main\resources
2016-02-11 00:27:23,748 [Worker-84] WARN  o.e.m.c.i.embedder.EclipseLogger - Using platform encoding (Cp1252 actually) to copy filtered resources, i.e. build is platform dependent!
2016-02-11 00:27:23,749 [Worker-84] INFO  o.e.m.c.i.embedder.EclipseLogger - skip non existing resourceDirectory F:\Sriman\SpringAnnotation\14_lazy_WithOut_ConfigFile\src\test\resources
2016-02-11 00:27:36,258 [Worker-89] WARN  o.e.m.c.i.embedder.EclipseLogger - Using platform encoding (Cp1252 actually) to copy filtered resources, i.e. build is platform dependent!
2016-02-11 00:27:36,259 [Worker-89] INFO  o.e.m.c.i.embedder.EclipseLogger - skip non existing resourceDirectory F:\Sriman\SpringAnnotation\14_lazy_WithOut_ConfigFile\src\main\resources
2016-02-11 00:27:36,262 [Worker-89] WARN  o.e.m.c.i.embedder.EclipseLogger - Using platform encoding (Cp1252 actually) to copy filtered resources, i.e. build is platform dependent!
2016-02-11 00:27:36,263 [Worker-89] INFO  o.e.m.c.i.embedder.EclipseLogger - skip non existing resourceDirectory F:\Sriman\SpringAnnotation\14_lazy_WithOut_ConfigFile\src\test\resources
2016-02-11 00:44:08,992 [Worker-84] INFO  o.e.m.c.i.l.LifecycleMappingFactory - Using org.eclipse.m2e.jdt.JarLifecycleMapping lifecycle mapping for MavenProject: 14_lazy_WithOut_ConfigFile:14_lazy_WithOut_ConfigFile:0.0.1-SNAPSHOT @ F:\Sriman\SpringAnnotation\14_lazy_WithOut_ConfigurationFile\pom.xml.
2016-02-11 00:44:09,277 [Worker-84] WARN  o.e.m.c.i.embedder.EclipseLogger - Using platform encoding (Cp1252 actually) to copy filtered resources, i.e. build is platform dependent!
2016-02-11 00:44:09,278 [Worker-84] INFO  o.e.m.c.i.embedder.EclipseLogger - skip non existing resourceDirectory F:\Sriman\SpringAnnotation\14_lazy_WithOut_ConfigurationFile\src\main\resources
2016-02-11 00:44:09,281 [Worker-84] WARN  o.e.m.c.i.embedder.EclipseLogger - Using platform encoding (Cp1252 actually) to copy filtered resources, i.e. build is platform dependent!
2016-02-11 00:44:09,282 [Worker-84] INFO  o.e.m.c.i.embedder.EclipseLogger - skip non existing resourceDirectory F:\Sriman\SpringAnnotation\14_lazy_WithOut_ConfigurationFile\src\test\resources
2016-02-11 00:44:10,271 [Worker-94] INFO  o.e.m.c.i.l.LifecycleMappingFactory - Using org.eclipse.m2e.jdt.JarLifecycleMapping lifecycle mapping for MavenProject: 14_lazy_WithOut_ConfigFile:14_lazy_WithOut_ConfigFile:0.0.1-SNAPSHOT @ F:\Sriman\SpringAnnotation\14_lazy_WithOut_ConfigurationFile\pom.xml.
2016-02-11 00:44:10,788 [Worker-88] WARN  o.e.m.c.i.embedder.EclipseLogger - Using platform encoding (Cp1252 actually) to copy filtered resources, i.e. build is platform dependent!
2016-02-11 00:44:10,789 [Worker-88] INFO  o.e.m.c.i.embedder.EclipseLogger - skip non existing resourceDirectory F:\Sriman\SpringAnnotation\14_lazy_WithOut_ConfigurationFile\src\main\resources
2016-02-11 00:44:10,793 [Worker-88] WARN  o.e.m.c.i.embedder.EclipseLogger - Using platform encoding (Cp1252 actually) to copy filtered resources, i.e. build is platform dependent!
2016-02-11 00:44:10,794 [Worker-88] INFO  o.e.m.c.i.embedder.EclipseLogger - skip non existing resourceDirectory F:\Sriman\SpringAnnotation\14_lazy_WithOut_ConfigurationFile\src\test\resources
2016-02-11 19:34:39,093 [Worker-3] WARN  o.e.m.c.i.embedder.EclipseLogger - Using platform encoding (Cp1252 actually) to copy filtered resources, i.e. build is platform dependent!
2016-02-11 19:34:39,141 [Worker-3] INFO  o.e.m.c.i.embedder.EclipseLogger - skip non existing resourceDirectory F:\Sriman\SpringAnnotation\14_lazy_WithOut_ConfigurationFile\src\main\resources
2016-02-11 19:34:39,147 [Worker-3] WARN  o.e.m.c.i.embedder.EclipseLogger - Using platform encoding (Cp1252 actually) to copy filtered resources, i.e. build is platform dependent!
2016-02-11 19:34:39,148 [Worker-3] INFO  o.e.m.c.i.embedder.EclipseLogger - skip non existing resourceDirectory F:\Sriman\SpringAnnotation\14_lazy_WithOut_ConfigurationFile\src\test\resources
2016-02-11 20:57:25,379 [Worker-50] INFO  o.e.m.c.i.l.LifecycleMappingFactory - Using org.eclipse.m2e.jdt.JarLifecycleMapping lifecycle mapping for MavenProject: 18_Configuration_Bean_without_ConfigurationFile:18_Configuration_Bean_without_ConfigurationFile:0.0.1-SNAPSHOT @ F:\Sriman\SpringAnnotation\18_Configuration_Bean_without_ConfigurationFile\pom.xml.
2016-02-11 20:57:34,698 [Worker-50] INFO  o.e.m.j.i.AbstractJavaProjectConfigurator - Adding source folder /18_Configuration_Bean_without_ConfigurationFile/src
2016-02-11 20:57:34,700 [Worker-50] INFO  o.e.m.j.i.AbstractJavaProjectConfigurator - Not adding source folder /18_Configuration_Bean_without_ConfigurationFile/src/test/java because it overlaps with /18_Configuration_Bean_without_ConfigurationFile/src
2016-02-11 20:57:35,586 [Worker-32] WARN  o.e.m.c.i.embedder.EclipseLogger - Using platform encoding (Cp1252 actually) to copy filtered resources, i.e. build is platform dependent!
2016-02-11 20:57:35,644 [Worker-32] INFO  o.e.m.c.i.embedder.EclipseLogger - skip non existing resourceDirectory F:\Sriman\SpringAnnotation\18_Configuration_Bean_without_ConfigurationFile\src\main\resources
2016-02-11 20:57:35,647 [Worker-32] WARN  o.e.m.c.i.embedder.EclipseLogger - Using platform encoding (Cp1252 actually) to copy filtered resources, i.e. build is platform dependent!
2016-02-11 20:57:35,648 [Worker-32] INFO  o.e.m.c.i.embedder.EclipseLogger - skip non existing resourceDirectory F:\Sriman\SpringAnnotation\18_Configuration_Bean_without_ConfigurationFile\src\test\resources
2016-02-11 20:57:36,710 [Worker-50] INFO  o.e.m.c.i.p.ProjectConfigurationManager - Update started
2016-02-11 20:57:39,376 [Worker-50] INFO  o.e.m.c.i.l.LifecycleMappingFactory - Using org.eclipse.m2e.jdt.JarLifecycleMapping lifecycle mapping for MavenProject: 18_Configuration_Bean_without_ConfigurationFile:18_Configuration_Bean_without_ConfigurationFile:0.0.1-SNAPSHOT @ F:\Sriman\SpringAnnotation\18_Configuration_Bean_without_ConfigurationFile\pom.xml.
2016-02-11 20:57:39,831 [Worker-50] INFO  o.e.m.j.i.AbstractJavaProjectConfigurator - Adding source folder /18_Configuration_Bean_without_ConfigurationFile/src
2016-02-11 20:57:39,832 [Worker-50] INFO  o.e.m.j.i.AbstractJavaProjectConfigurator - Not adding source folder /18_Configuration_Bean_without_ConfigurationFile/src/test/java because it overlaps with /18_Configuration_Bean_without_ConfigurationFile/src
2016-02-11 20:57:41,176 [Worker-50] INFO  o.e.m.c.i.p.ProjectConfigurationManager - Update completed: 4 sec
2016-02-11 20:57:42,386 [Worker-56] WARN  o.e.m.c.i.embedder.EclipseLogger - Using platform encoding (Cp1252 actually) to copy filtered resources, i.e. build is platform dependent!
2016-02-11 20:57:42,387 [Worker-56] INFO  o.e.m.c.i.embedder.EclipseLogger - skip non existing resourceDirectory F:\Sriman\SpringAnnotation\18_Configuration_Bean_without_ConfigurationFile\src\main\resources
2016-02-11 20:57:42,390 [Worker-56] WARN  o.e.m.c.i.embedder.EclipseLogger - Using platform encoding (Cp1252 actually) to copy filtered resources, i.e. build is platform dependent!
2016-02-11 20:57:42,391 [Worker-56] INFO  o.e.m.c.i.embedder.EclipseLogger - skip non existing resourceDirectory F:\Sriman\SpringAnnotation\18_Configuration_Bean_without_ConfigurationFile\src\test\resources
2016-02-11 21:00:01,162 [Worker-56] INFO  o.e.m.c.i.l.LifecycleMappingFactory - Using org.eclipse.m2e.jdt.JarLifecycleMapping lifecycle mapping for MavenProject: 18_Configuration_Bean_without_ConfigurationFile:18_Configuration_Bean_without_ConfigurationFile:0.0.1-SNAPSHOT @ F:\Sriman\SpringAnnotation\18_Configuration_Bean_without_ConfigurationFile\pom.xml.
2016-02-11 21:00:01,396 [Worker-56] WARN  o.e.m.c.i.embedder.EclipseLogger - Using platform encoding (Cp1252 actually) to copy filtered resources, i.e. build is platform dependent!
2016-02-11 21:00:01,397 [Worker-56] INFO  o.e.m.c.i.embedder.EclipseLogger - skip non existing resourceDirectory F:\Sriman\SpringAnnotation\18_Configuration_Bean_without_ConfigurationFile\src\main\resources
2016-02-11 21:00:01,400 [Worker-56] WARN  o.e.m.c.i.embedder.EclipseLogger - Using platform encoding (Cp1252 actually) to copy filtered resources, i.e. build is platform dependent!
2016-02-11 21:00:01,401 [Worker-56] INFO  o.e.m.c.i.embedder.EclipseLogger - skip non existing resourceDirectory F:\Sriman\SpringAnnotation\18_Configuration_Bean_without_ConfigurationFile\src\test\resources
2016-02-11 21:04:07,981 [Worker-58] INFO  o.e.m.c.i.l.LifecycleMappingFactory - Using org.eclipse.m2e.jdt.JarLifecycleMapping lifecycle mapping for MavenProject: 18_Configuration_Bean_without_ConfigurationFile:18_Configuration_Bean_without_ConfigurationFile:0.0.1-SNAPSHOT @ F:\Sriman\SpringAnnotation\18_Configuration_Bean_without_ConfigurationFile\pom.xml.
2016-02-11 21:04:08,234 [Worker-58] WARN  o.e.m.c.i.embedder.EclipseLogger - Using platform encoding (Cp1252 actually) to copy filtered resources, i.e. build is platform dependent!
2016-02-11 21:04:08,235 [Worker-58] INFO  o.e.m.c.i.embedder.EclipseLogger - skip non existing resourceDirectory F:\Sriman\SpringAnnotation\18_Configuration_Bean_without_ConfigurationFile\src\main\resources
2016-02-11 21:04:08,238 [Worker-58] WARN  o.e.m.c.i.embedder.EclipseLogger - Using platform encoding (Cp1252 actually) to copy filtered resources, i.e. build is platform dependent!
2016-02-11 21:04:08,239 [Worker-58] INFO  o.e.m.c.i.embedder.EclipseLogger - skip non existing resourceDirectory F:\Sriman\SpringAnnotation\18_Configuration_Bean_without_ConfigurationFile\src\test\resources
2016-02-11 21:04:15,451 [Worker-48] WARN  o.e.m.c.i.embedder.EclipseLogger - Using platform encoding (Cp1252 actually) to copy filtered resources, i.e. build is platform dependent!
2016-02-11 21:04:15,452 [Worker-48] INFO  o.e.m.c.i.embedder.EclipseLogger - skip non existing resourceDirectory F:\Sriman\SpringAnnotation\18_Configuration_Bean_without_ConfigurationFile\src\main\resources
2016-02-11 21:04:15,456 [Worker-48] WARN  o.e.m.c.i.embedder.EclipseLogger - Using platform encoding (Cp1252 actually) to copy filtered resources, i.e. build is platform dependent!
2016-02-11 21:04:15,457 [Worker-48] INFO  o.e.m.c.i.embedder.EclipseLogger - skip non existing resourceDirectory F:\Sriman\SpringAnnotation\18_Configuration_Bean_without_ConfigurationFile\src\test\resources
2016-02-11 21:12:05,919 [Worker-58] INFO  o.e.m.c.i.l.LifecycleMappingFactory - Using org.eclipse.m2e.jdt.JarLifecycleMapping lifecycle mapping for MavenProject: 18_Configuration_Bean_without_ConfigurationFile:18_Configuration_Bean_without_ConfigurationFile:0.0.1-SNAPSHOT @ F:\Sriman\SpringAnnotation\18_Configuration_Bean_without_ConfigurationFile\pom.xml.
2016-02-11 21:12:06,790 [Worker-58] WARN  o.e.m.c.i.embedder.EclipseLogger - Using platform encoding (Cp1252 actually) to copy filtered resources, i.e. build is platform dependent!
2016-02-11 21:12:06,855 [Worker-58] INFO  o.e.m.c.i.embedder.EclipseLogger - skip non existing resourceDirectory F:\Sriman\SpringAnnotation\18_Configuration_Bean_without_ConfigurationFile\src\main\resources
2016-02-11 21:12:06,858 [Worker-58] WARN  o.e.m.c.i.embedder.EclipseLogger - Using platform encoding (Cp1252 actually) to copy filtered resources, i.e. build is platform dependent!
2016-02-11 21:12:06,859 [Worker-58] INFO  o.e.m.c.i.embedder.EclipseLogger - skip non existing resourceDirectory F:\Sriman\SpringAnnotation\18_Configuration_Bean_without_ConfigurationFile\src\test\resources
2016-02-11 21:12:22,421 [Worker-57] WARN  o.e.m.c.i.embedder.EclipseLogger - Using platform encoding (Cp1252 actually) to copy filtered resources, i.e. build is platform dependent!
2016-02-11 21:12:22,422 [Worker-57] INFO  o.e.m.c.i.embedder.EclipseLogger - skip non existing resourceDirectory F:\Sriman\SpringAnnotation\18_Configuration_Bean_without_ConfigurationFile\src\main\resources
2016-02-11 21:12:22,426 [Worker-57] WARN  o.e.m.c.i.embedder.EclipseLogger - Using platform encoding (Cp1252 actually) to copy filtered resources, i.e. build is platform dependent!
2016-02-11 21:12:22,427 [Worker-57] INFO  o.e.m.c.i.embedder.EclipseLogger - skip non existing resourceDirectory F:\Sriman\SpringAnnotation\18_Configuration_Bean_without_ConfigurationFile\src\test\resources
2016-02-11 21:13:22,242 [Worker-59] WARN  o.e.m.c.i.embedder.EclipseLogger - Using platform encoding (Cp1252 actually) to copy filtered resources, i.e. build is platform dependent!
2016-02-11 21:13:22,244 [Worker-59] INFO  o.e.m.c.i.embedder.EclipseLogger - skip non existing resourceDirectory F:\Sriman\SpringAnnotation\18_Configuration_Bean_without_ConfigurationFile\src\main\resources
2016-02-11 21:13:22,250 [Worker-59] WARN  o.e.m.c.i.embedder.EclipseLogger - Using platform encoding (Cp1252 actually) to copy filtered resources, i.e. build is platform dependent!
2016-02-11 21:13:22,252 [Worker-59] INFO  o.e.m.c.i.embedder.EclipseLogger - skip non existing resourceDirectory F:\Sriman\SpringAnnotation\18_Configuration_Bean_without_ConfigurationFile\src\test\resources
2016-02-11 21:13:28,324 [Worker-58] WARN  o.e.m.c.i.embedder.EclipseLogger - Using platform encoding (Cp1252 actually) to copy filtered resources, i.e. build is platform dependent!
2016-02-11 21:13:28,325 [Worker-58] INFO  o.e.m.c.i.embedder.EclipseLogger - skip non existing resourceDirectory F:\Sriman\SpringAnnotation\18_Configuration_Bean_without_ConfigurationFile\src\main\resources
2016-02-11 21:13:28,329 [Worker-58] WARN  o.e.m.c.i.embedder.EclipseLogger - Using platform encoding (Cp1252 actually) to copy filtered resources, i.e. build is platform dependent!
2016-02-11 21:13:28,330 [Worker-58] INFO  o.e.m.c.i.embedder.EclipseLogger - skip non existing resourceDirectory F:\Sriman\SpringAnnotation\18_Configuration_Bean_without_ConfigurationFile\src\test\resources
2016-02-11 21:14:10,654 [Worker-32] WARN  o.e.m.c.i.embedder.EclipseLogger - Using platform encoding (Cp1252 actually) to copy filtered resources, i.e. build is platform dependent!
2016-02-11 21:14:10,655 [Worker-32] INFO  o.e.m.c.i.embedder.EclipseLogger - skip non existing resourceDirectory F:\Sriman\SpringAnnotation\18_Configuration_Bean_without_ConfigurationFile\src\main\resources
2016-02-11 21:14:10,678 [Worker-32] WARN  o.e.m.c.i.embedder.EclipseLogger - Using platform encoding (Cp1252 actually) to copy filtered resources, i.e. build is platform dependent!
2016-02-11 21:14:10,679 [Worker-32] INFO  o.e.m.c.i.embedder.EclipseLogger - skip non existing resourceDirectory F:\Sriman\SpringAnnotation\18_Configuration_Bean_without_ConfigurationFile\src\test\resources
2016-02-11 21:16:19,480 [Worker-59] WARN  o.e.m.c.i.embedder.EclipseLogger - Using platform encoding (Cp1252 actually) to copy filtered resources, i.e. build is platform dependent!
2016-02-11 21:16:19,481 [Worker-59] INFO  o.e.m.c.i.embedder.EclipseLogger - skip non existing resourceDirectory F:\Sriman\SpringAnnotation\18_Configuration_Bean_without_ConfigurationFile\src\main\resources
2016-02-11 21:16:19,484 [Worker-59] WARN  o.e.m.c.i.embedder.EclipseLogger - Using platform encoding (Cp1252 actually) to copy filtered resources, i.e. build is platform dependent!
2016-02-11 21:16:19,487 [Worker-59] INFO  o.e.m.c.i.embedder.EclipseLogger - skip non existing resourceDirectory F:\Sriman\SpringAnnotation\18_Configuration_Bean_without_ConfigurationFile\src\test\resources
2016-02-11 21:18:27,882 [Worker-58] WARN  o.e.m.c.i.embedder.EclipseLogger - Using platform encoding (Cp1252 actually) to copy filtered resources, i.e. build is platform dependent!
2016-02-11 21:18:27,883 [Worker-58] INFO  o.e.m.c.i.embedder.EclipseLogger - skip non existing resourceDirectory F:\Sriman\SpringAnnotation\18_Configuration_Bean_without_ConfigurationFile\src\main\resources
2016-02-11 21:18:27,888 [Worker-58] WARN  o.e.m.c.i.embedder.EclipseLogger - Using platform encoding (Cp1252 actually) to copy filtered resources, i.e. build is platform dependent!
2016-02-11 21:18:27,889 [Worker-58] INFO  o.e.m.c.i.embedder.EclipseLogger - skip non existing resourceDirectory F:\Sriman\SpringAnnotation\18_Configuration_Bean_without_ConfigurationFile\src\test\resources
2016-02-11 21:20:00,706 [Worker-58] WARN  o.e.m.c.i.embedder.EclipseLogger - Using platform encoding (Cp1252 actually) to copy filtered resources, i.e. build is platform dependent!
2016-02-11 21:20:00,707 [Worker-58] INFO  o.e.m.c.i.embedder.EclipseLogger - skip non existing resourceDirectory F:\Sriman\SpringAnnotation\18_Configuration_Bean_without_ConfigurationFile\src\main\resources
2016-02-11 21:20:00,710 [Worker-58] WARN  o.e.m.c.i.embedder.EclipseLogger - Using platform encoding (Cp1252 actually) to copy filtered resources, i.e. build is platform dependent!
2016-02-11 21:20:00,711 [Worker-58] INFO  o.e.m.c.i.embedder.EclipseLogger - skip non existing resourceDirectory F:\Sriman\SpringAnnotation\18_Configuration_Bean_without_ConfigurationFile\src\test\resources
2016-02-11 21:21:44,904 [Worker-32] WARN  o.e.m.c.i.embedder.EclipseLogger - Using platform encoding (Cp1252 actually) to copy filtered resources, i.e. build is platform dependent!
2016-02-11 21:21:44,905 [Worker-32] INFO  o.e.m.c.i.embedder.EclipseLogger - skip non existing resourceDirectory F:\Sriman\SpringAnnotation\18_Configuration_Bean_without_ConfigurationFile\src\main\resources
2016-02-11 21:21:44,908 [Worker-32] WARN  o.e.m.c.i.embedder.EclipseLogger - Using platform encoding (Cp1252 actually) to copy filtered resources, i.e. build is platform dependent!
2016-02-11 21:21:44,909 [Worker-32] INFO  o.e.m.c.i.embedder.EclipseLogger - skip non existing resourceDirectory F:\Sriman\SpringAnnotation\18_Configuration_Bean_without_ConfigurationFile\src\test\resources
2016-02-11 21:21:48,894 [Worker-32] WARN  o.e.m.c.i.embedder.EclipseLogger - Using platform encoding (Cp1252 actually) to copy filtered resources, i.e. build is platform dependent!
2016-02-11 21:21:48,895 [Worker-32] INFO  o.e.m.c.i.embedder.EclipseLogger - skip non existing resourceDirectory F:\Sriman\SpringAnnotation\18_Configuration_Bean_without_ConfigurationFile\src\main\resources
2016-02-11 21:21:48,899 [Worker-32] WARN  o.e.m.c.i.embedder.EclipseLogger - Using platform encoding (Cp1252 actually) to copy filtered resources, i.e. build is platform dependent!
2016-02-11 21:21:48,900 [Worker-32] INFO  o.e.m.c.i.embedder.EclipseLogger - skip non existing resourceDirectory F:\Sriman\SpringAnnotation\18_Configuration_Bean_without_ConfigurationFile\src\test\resources
2016-02-11 21:21:56,741 [Worker-32] WARN  o.e.m.c.i.embedder.EclipseLogger - Using platform encoding (Cp1252 actually) to copy filtered resources, i.e. build is platform dependent!
2016-02-11 21:21:56,742 [Worker-32] INFO  o.e.m.c.i.embedder.EclipseLogger - skip non existing resourceDirectory F:\Sriman\SpringAnnotation\18_Configuration_Bean_without_ConfigurationFile\src\main\resources
2016-02-11 21:21:56,746 [Worker-32] WARN  o.e.m.c.i.embedder.EclipseLogger - Using platform encoding (Cp1252 actually) to copy filtered resources, i.e. build is platform dependent!
2016-02-11 21:21:56,747 [Worker-32] INFO  o.e.m.c.i.embedder.EclipseLogger - skip non existing resourceDirectory F:\Sriman\SpringAnnotation\18_Configuration_Bean_without_ConfigurationFile\src\test\resources
2016-02-11 21:22:19,191 [Worker-57] WARN  o.e.m.c.i.embedder.EclipseLogger - Using platform encoding (Cp1252 actually) to copy filtered resources, i.e. build is platform dependent!
2016-02-11 21:22:19,192 [Worker-57] INFO  o.e.m.c.i.embedder.EclipseLogger - skip non existing resourceDirectory F:\Sriman\SpringAnnotation\18_Configuration_Bean_without_ConfigurationFile\src\main\resources
2016-02-11 21:22:19,195 [Worker-57] WARN  o.e.m.c.i.embedder.EclipseLogger - Using platform encoding (Cp1252 actually) to copy filtered resources, i.e. build is platform dependent!
2016-02-11 21:22:19,196 [Worker-57] INFO  o.e.m.c.i.embedder.EclipseLogger - skip non existing resourceDirectory F:\Sriman\SpringAnnotation\18_Configuration_Bean_without_ConfigurationFile\src\test\resources
